[     245ms] [WARNING] <meta name="apple-mobile-web-app-capable" content="yes"> is deprecated. Please include <meta name="mobile-web-app-capable" content="yes"> @ http://localhost:4200/:0
[   35014ms] [ERROR] Failed to load resource: the server responded with a status of 400 () @ https://identitytoolkit.googleapis.com/v1/accounts:signInWithPassword?key=AIzaSyAFYtQuEus9GjHc4mS9Fz8CTFvRRWljSv4:0
[   76230ms] [WARNING] Detected a matBadge on an "aria-hidden" "<mat-icon>". Consider setting aria-hidden="false" in order to surface the information assistive technology.
<mat-icon _ngcontent-ng-c262417513="" role="img" matbadgesize="small" class="mat-icon notranslate mat-badge" aria-hidden="true"></mat-icon> @ http://localhost:4200/@fs/c:/Users/balce/projekty/katalog-firebase/.angular/cache/17.3.17/vite/deps/@angular_material_badge.js?v=afd65e24:138
[   76231ms] [WARNING] Detected a matBadge on an "aria-hidden" "<mat-icon>". Consider setting aria-hidden="false" in order to surface the information assistive technology.
<mat-icon _ngcontent-ng-c262417513="" role="img" matbadgesize="small" class="mat-icon notranslate mat-badge" aria-hidden="true"></mat-icon> @ http://localhost:4200/@fs/c:/Users/balce/projekty/katalog-firebase/.angular/cache/17.3.17/vite/deps/@angular_material_badge.js?v=afd65e24:138
[  457265ms] [WARNING] <meta name="apple-mobile-web-app-capable" content="yes"> is deprecated. Please include <meta name="mobile-web-app-capable" content="yes"> @ http://localhost:4200/catalog:0
[  457695ms] [WARNING] Detected a matBadge on an "aria-hidden" "<mat-icon>". Consider setting aria-hidden="false" in order to surface the information assistive technology.
<mat-icon _ngcontent-ng-c262417513="" role="img" matbadgesize="small" class="mat-icon notranslate mat-badge" aria-hidden="true"></mat-icon> @ http://localhost:4200/@fs/c:/Users/balce/projekty/katalog-firebase/.angular/cache/17.3.17/vite/deps/@angular_material_badge.js?v=afd65e24:138
[  457696ms] [WARNING] Detected a matBadge on an "aria-hidden" "<mat-icon>". Consider setting aria-hidden="false" in order to surface the information assistive technology.
<mat-icon _ngcontent-ng-c262417513="" role="img" matbadgesize="small" class="mat-icon notranslate mat-badge" aria-hidden="true"></mat-icon> @ http://localhost:4200/@fs/c:/Users/balce/projekty/katalog-firebase/.angular/cache/17.3.17/vite/deps/@angular_material_badge.js?v=afd65e24:138
[  463365ms] [WARNING] <meta name="apple-mobile-web-app-capable" content="yes"> is deprecated. Please include <meta name="mobile-web-app-capable" content="yes"> @ http://localhost:4200/catalog:0
[  463590ms] [WARNING] Detected a matBadge on an "aria-hidden" "<mat-icon>". Consider setting aria-hidden="false" in order to surface the information assistive technology.
<mat-icon _ngcontent-ng-c262417513="" role="img" matbadgesize="small" class="mat-icon notranslate mat-badge" aria-hidden="true"></mat-icon> @ http://localhost:4200/@fs/c:/Users/balce/projekty/katalog-firebase/.angular/cache/17.3.17/vite/deps/@angular_material_badge.js?v=afd65e24:138
[  463590ms] [WARNING] Detected a matBadge on an "aria-hidden" "<mat-icon>". Consider setting aria-hidden="false" in order to surface the information assistive technology.
<mat-icon _ngcontent-ng-c262417513="" role="img" matbadgesize="small" class="mat-icon notranslate mat-badge" aria-hidden="true"></mat-icon> @ http://localhost:4200/@fs/c:/Users/balce/projekty/katalog-firebase/.angular/cache/17.3.17/vite/deps/@angular_material_badge.js?v=afd65e24:138
[  482959ms] [WARNING] <meta name="apple-mobile-web-app-capable" content="yes"> is deprecated. Please include <meta name="mobile-web-app-capable" content="yes"> @ http://localhost:4200/catalog:0
[  483192ms] [WARNING] Detected a matBadge on an "aria-hidden" "<mat-icon>". Consider setting aria-hidden="false" in order to surface the information assistive technology.
<mat-icon _ngcontent-ng-c262417513="" role="img" matbadgesize="small" class="mat-icon notranslate mat-badge" aria-hidden="true"></mat-icon> @ http://localhost:4200/@fs/c:/Users/balce/projekty/katalog-firebase/.angular/cache/17.3.17/vite/deps/@angular_material_badge.js?v=afd65e24:138
[  483192ms] [WARNING] Detected a matBadge on an "aria-hidden" "<mat-icon>". Consider setting aria-hidden="false" in order to surface the information assistive technology.
<mat-icon _ngcontent-ng-c262417513="" role="img" matbadgesize="small" class="mat-icon notranslate mat-badge" aria-hidden="true"></mat-icon> @ http://localhost:4200/@fs/c:/Users/balce/projekty/katalog-firebase/.angular/cache/17.3.17/vite/deps/@angular_material_badge.js?v=afd65e24:138
